This file contains any messages produced by compilers while
running configure, to aid debugging if configure makes a mistake.

It was created by rcssmonitor configure 17.0.0, which was
generated by GNU Autoconf 2.69.  Invocation command line was

  $ ./configure 

## --------- ##
## Platform. ##
## --------- ##

hostname = samara-Aspire-A514-54G
uname -m = x86_64
uname -r = 5.13.0-51-generic
uname -s = Linux
uname -v = #58~20.04.1-Ubuntu SMP Tue Jun 14 11:29:12 UTC 2022

/usr/bin/uname -p = x86_64
/bin/uname -X     = unknown

/bin/arch              = x86_64
/usr/bin/arch -k       = unknown
/usr/convex/getsysinfo = unknown
/usr/bin/hostinfo      = unknown
/bin/machine           = unknown
/usr/bin/oslevel       = unknown
/bin/universe          = unknown

PATH: /usr/local/sbin
PATH: /usr/local/bin
PATH: /usr/sbin
PATH: /usr/bin
PATH: /sbin
PATH: /bin
PATH: /usr/games
PATH: /usr/local/games
PATH: /snap/bin


## ----------- ##
## Core tests. ##
## ----------- ##

configure:2617: checking for a BSD-compatible install
configure:2685: result: /usr/bin/install -c
configure:2696: checking whether build environment is sane
configure:2751: result: yes
configure:2900: checking for a thread-safe mkdir -p
configure:2939: result: /usr/bin/mkdir -p
configure:2946: checking for gawk
configure:2976: result: no
configure:2946: checking for mawk
configure:2962: found /usr/bin/mawk
configure:2973: result: mawk
configure:2984: checking whether make sets $(MAKE)
configure:3006: result: yes
configure:3035: checking whether make supports nested variables
configure:3052: result: yes
configure:3216: checking build system type
configure:3230: result: x86_64-pc-linux-gnu
configure:3250: checking host system type
configure:3263: result: x86_64-pc-linux-gnu
configure:3304: checking how to print strings
configure:3331: result: printf
configure:3364: checking for style of include used by make
configure:3392: result: GNU
configure:3463: checking for gcc
configure:3479: found /usr/bin/gcc
configure:3490: result: gcc
configure:3719: checking for C compiler version
configure:3728: gcc --version >&5
gcc (Ubuntu 9.4.0-1ubuntu1~20.04.1) 9.4.0
Copyright (C) 2019 Free Software Foundation, Inc.
This is free software; see the source for copying conditions.  There is NO
warranty; not even for MERCHANTABILITY or FITNESS FOR A PARTICULAR PURPOSE.

configure:3739: $? = 0
configure:3728: gcc -v >&5
Using built-in specs.
COLLECT_GCC=gcc
COLLECT_LTO_WRAPPER=/usr/lib/gcc/x86_64-linux-gnu/9/lto-wrapper
OFFLOAD_TARGET_NAMES=nvptx-none:hsa
OFFLOAD_TARGET_DEFAULT=1
Target: x86_64-linux-gnu
Configured with: ../src/configure -v --with-pkgversion='Ubuntu 9.4.0-1ubuntu1~20.04.1' --with-bugurl=file:///usr/share/doc/gcc-9/README.Bugs --enable-languages=c,ada,c++,go,brig,d,fortran,objc,obj-c++,gm2 --prefix=/usr --with-gcc-major-version-only --program-suffix=-9 --program-prefix=x86_64-linux-gnu- --enable-shared --enable-linker-build-id --libexecdir=/usr/lib --without-included-gettext --enable-threads=posix --libdir=/usr/lib --enable-nls --enable-clocale=gnu --enable-libstdcxx-debug --enable-libstdcxx-time=yes --with-default-libstdcxx-abi=new --enable-gnu-unique-object --disable-vtable-verify --enable-plugin --enable-default-pie --with-system-zlib --with-target-system-zlib=auto --enable-objc-gc=auto --enable-multiarch --disable-werror --with-arch-32=i686 --with-abi=m64 --with-multilib-list=m32,m64,mx32 --enable-multilib --with-tune=generic --enable-offload-targets=nvptx-none=/build/gcc-9-Av3uEd/gcc-9-9.4.0/debian/tmp-nvptx/usr,hsa --without-cuda-driver --enable-checking=release --build=x86_64-linux-gnu --host=x86_64-linux-gnu --target=x86_64-linux-gnu
Thread model: posix
gcc version 9.4.0 (Ubuntu 9.4.0-1ubuntu1~20.04.1) 
configure:3739: $? = 0
configure:3728: gcc -V >&5
gcc: error: unrecognized command line option '-V'
gcc: fatal error: no input files
compilation terminated.
configure:3739: $? = 1
configure:3728: gcc -qversion >&5
gcc: error: unrecognized command line option '-qversion'; did you mean '--version'?
gcc: fatal error: no input files
compilation terminated.
configure:3739: $? = 1
configure:3759: checking whether the C compiler works
configure:3781: gcc    conftest.c  >&5
configure:3785: $? = 0
configure:3833: result: yes
configure:3836: checking for C compiler default output file name
configure:3838: result: a.out
configure:3844: checking for suffix of executables
configure:3851: gcc -o conftest    conftest.c  >&5
configure:3855: $? = 0
configure:3877: result: 
configure:3899: checking whether we are cross compiling
configure:3907: gcc -o conftest    conftest.c  >&5
configure:3911: $? = 0
configure:3918: ./conftest
configure:3922: $? = 0
configure:3910: result: no
configure:3915: checking for suffix of object files
configure:3937: gcc -c   conftest.c >&5
configure:3941: $? = 0
configure:3962: result: o
configure:3966: checking whether we are using the GNU C compiler
configure:3985: gcc -c   conftest.c >&5
configure:3985: $? = 0
configure:3994: result: yes
configure:4003: checking whether gcc accepts -g
configure:4023: gcc -c -g  conftest.c >&5
configure:4023: $? = 0
configure:4064: result: yes
configure:4081: checking for gcc option to accept ISO C89
configure:4144: gcc  -c -g -O2  conftest.c >&5
configure:4144: $? = 0
configure:4157: result: none needed
configure:4182: checking whether gcc understands -c and -o together
configure:4204: gcc -c conftest.c -o conftest2.o
configure:4207: $? = 0
configure:4204: gcc -c conftest.c -o conftest2.o
configure:4207: $? = 0
configure:4219: result: yes
configure:4238: checking dependency style of gcc
configure:4349: result: gcc3
configure:4364: checking for a sed that does not truncate output
configure:4428: result: /usr/bin/sed
configure:4446: checking for grep that handles long lines and -e
configure:4504: result: /usr/bin/grep
configure:4509: checking for egrep
configure:4571: result: /usr/bin/grep -E
configure:4576: checking for fgrep
configure:4638: result: /usr/bin/grep -F
configure:4673: checking for ld used by gcc
configure:4740: result: /usr/bin/ld
configure:4747: checking if the linker (/usr/bin/ld) is GNU ld
configure:4762: result: yes
configure:4774: checking for BSD- or MS-compatible name lister (nm)
configure:4828: result: /usr/bin/nm -B
configure:4958: checking the name lister (/usr/bin/nm -B) interface
configure:4965: gcc -c -g -O2  conftest.c >&5
configure:4968: /usr/bin/nm -B "conftest.o"
configure:4971: output
0000000000000000 B some_variable
configure:4972: result: BSD nm
configure:4975: checking whether ln -s works
configure:4979: result: yes
configure:4987: checking the maximum length of command line arguments
configure:5118: result: 1572864
configure:5166: checking how to convert x86_64-pc-linux-gnu file names to x86_64-pc-linux-gnu format
configure:5206: result: func_convert_file_noop
configure:5213: checking how to convert x86_64-pc-linux-gnu file names to toolchain format
configure:5233: result: func_convert_file_noop
configure:5240: checking for /usr/bin/ld option to reload object files
configure:5247: result: -r
configure:5321: checking for objdump
configure:5337: found /usr/bin/objdump
configure:5348: result: objdump
configure:5380: checking how to recognize dependent libraries
configure:5580: result: pass_all
configure:5665: checking for dlltool
configure:5695: result: no
configure:5725: checking how to associate runtime and link libraries
configure:5752: result: printf %s\n
configure:5813: checking for ar
configure:5829: found /usr/bin/ar
configure:5840: result: ar
configure:5877: checking for archiver @FILE support
configure:5894: gcc -c -g -O2  conftest.c >&5
configure:5894: $? = 0
configure:5897: ar cru libconftest.a @conftest.lst >&5
ar: `u' modifier ignored since `D' is the default (see `U')
configure:5900: $? = 0
configure:5905: ar cru libconftest.a @conftest.lst >&5
ar: `u' modifier ignored since `D' is the default (see `U')
ar: conftest.o: No such file or directory
configure:5908: $? = 1
configure:5907: result: @
configure:5965: checking for strip
configure:5981: found /usr/bin/strip
configure:5992: result: strip
configure:6064: checking for ranlib
configure:6080: found /usr/bin/ranlib
configure:6091: result: ranlib
configure:6193: checking command to parse /usr/bin/nm -B output from gcc object
configure:6346: gcc -c -g -O2  conftest.c >&5
configure:6349: $? = 0
configure:6353: /usr/bin/nm -B conftest.o \| sed -n -e 's/^.*[ ]\([ABCDGIRSTW][ABCDGIRSTW]*\)[ ][ ]*\([_A-Za-z][_A-Za-z0-9]*\)$/\1 \2 \2/p' | sed '/ __gnu_lto/d' \> conftest.nm
configure:6356: $? = 0
configure:6422: gcc -o conftest -g -O2   conftest.c conftstm.o >&5
configure:6425: $? = 0
configure:6463: result: ok
configure:6510: checking for sysroot
configure:6540: result: no
configure:6547: checking for a working dd
configure:6585: result: /usr/bin/dd
configure:6589: checking how to truncate binary pipes
configure:6604: result: /usr/bin/dd bs=4096 count=1
configure:6740: gcc -c -g -O2  conftest.c >&5
configure:6743: $? = 0
configure:6933: checking for mt
configure:6949: found /usr/bin/mt
configure:6960: result: mt
configure:6983: checking if mt is a manifest tool
configure:6989: mt '-?'
configure:6997: result: no
configure:7674: checking how to run the C preprocessor
configure:7705: gcc -E  conftest.c
configure:7705: $? = 0
configure:7719: gcc -E  conftest.c
conftest.c:11:10: fatal error: ac_nonexistent.h: No such file or directory
   11 | #include <ac_nonexistent.h>
      |          ^~~~~~~~~~~~~~~~~~
compilation terminated.
configure:7719: $? = 1
configure: failed program was:
| /* confdefs.h */
| #define PACKAGE_NAME "rcssmonitor"
| #define PACKAGE_TARNAME "rcssmonitor"
| #define PACKAGE_VERSION "17.0.0"
| #define PACKAGE_STRING "rcssmonitor 17.0.0"
| #define PACKAGE_BUGREPORT "https://github.com/rcsoccersim/rcssmonitor"
| #define PACKAGE_URL ""
| #define PACKAGE "rcssmonitor"
| #define VERSION "17.0.0"
| /* end confdefs.h.  */
| #include <ac_nonexistent.h>
configure:7744: result: gcc -E
configure:7764: gcc -E  conftest.c
configure:7764: $? = 0
configure:7778: gcc -E  conftest.c
conftest.c:11:10: fatal error: ac_nonexistent.h: No such file or directory
   11 | #include <ac_nonexistent.h>
      |          ^~~~~~~~~~~~~~~~~~
compilation terminated.
configure:7778: $? = 1
configure: failed program was:
| /* confdefs.h */
| #define PACKAGE_NAME "rcssmonitor"
| #define PACKAGE_TARNAME "rcssmonitor"
| #define PACKAGE_VERSION "17.0.0"
| #define PACKAGE_STRING "rcssmonitor 17.0.0"
| #define PACKAGE_BUGREPORT "https://github.com/rcsoccersim/rcssmonitor"
| #define PACKAGE_URL ""
| #define PACKAGE "rcssmonitor"
| #define VERSION "17.0.0"
| /* end confdefs.h.  */
| #include <ac_nonexistent.h>
configure:7807: checking for ANSI C header files
configure:7827: gcc -c -g -O2  conftest.c >&5
configure:7827: $? = 0
configure:7900: gcc -o conftest -g -O2   conftest.c  >&5
configure:7900: $? = 0
configure:7900: ./conftest
configure:7900: $? = 0
configure:7911: result: yes
configure:7924: checking for sys/types.h
configure:7924: gcc -c -g -O2  conftest.c >&5
configure:7924: $? = 0
configure:7924: result: yes
configure:7924: checking for sys/stat.h
configure:7924: gcc -c -g -O2  conftest.c >&5
configure:7924: $? = 0
configure:7924: result: yes
configure:7924: checking for stdlib.h
configure:7924: gcc -c -g -O2  conftest.c >&5
configure:7924: $? = 0
configure:7924: result: yes
configure:7924: checking for string.h
configure:7924: gcc -c -g -O2  conftest.c >&5
configure:7924: $? = 0
configure:7924: result: yes
configure:7924: checking for memory.h
configure:7924: gcc -c -g -O2  conftest.c >&5
configure:7924: $? = 0
configure:7924: result: yes
configure:7924: checking for strings.h
configure:7924: gcc -c -g -O2  conftest.c >&5
configure:7924: $? = 0
configure:7924: result: yes
configure:7924: checking for inttypes.h
configure:7924: gcc -c -g -O2  conftest.c >&5
configure:7924: $? = 0
configure:7924: result: yes
configure:7924: checking for stdint.h
configure:7924: gcc -c -g -O2  conftest.c >&5
configure:7924: $? = 0
configure:7924: result: yes
configure:7924: checking for unistd.h
configure:7924: gcc -c -g -O2  conftest.c >&5
configure:7924: $? = 0
configure:7924: result: yes
configure:7938: checking for dlfcn.h
configure:7938: gcc -c -g -O2  conftest.c >&5
configure:7938: $? = 0
configure:7938: result: yes
configure:8192: checking for objdir
configure:8207: result: .libs
configure:8471: checking if gcc supports -fno-rtti -fno-exceptions
configure:8489: gcc -c -g -O2  -fno-rtti -fno-exceptions conftest.c >&5
cc1: warning: command line option '-fno-rtti' is valid for C++/D/ObjC++ but not for C
configure:8493: $? = 0
configure:8506: result: no
configure:8864: checking for gcc option to produce PIC
configure:8871: result: -fPIC -DPIC
configure:8879: checking if gcc PIC flag -fPIC -DPIC works
configure:8897: gcc -c -g -O2  -fPIC -DPIC -DPIC conftest.c >&5
configure:8901: $? = 0
configure:8914: result: yes
configure:8943: checking if gcc static flag -static works
configure:8971: result: yes
configure:8986: checking if gcc supports -c -o file.o
configure:9007: gcc -c -g -O2  -o out/conftest2.o conftest.c >&5
configure:9011: $? = 0
configure:9033: result: yes
configure:9041: checking if gcc supports -c -o file.o
configure:9088: result: yes
configure:9121: checking whether the gcc linker (/usr/bin/ld -m elf_x86_64) supports shared libraries
configure:10384: result: yes
configure:10421: checking whether -lc should be explicitly linked in
configure:10429: gcc -c -g -O2  conftest.c >&5
configure:10432: $? = 0
configure:10447: gcc -shared  -fPIC -DPIC conftest.o  -v -Wl,-soname -Wl,conftest -o conftest 2\>\&1 \| /usr/bin/grep  -lc  \>/dev/null 2\>\&1
configure:10450: $? = 0
configure:10464: result: no
configure:10624: checking dynamic linker characteristics
configure:11205: gcc -o conftest -g -O2   -Wl,-rpath -Wl,/foo conftest.c  >&5
configure:11205: $? = 0
configure:11454: result: GNU/Linux ld.so
configure:11576: checking how to hardcode library paths into programs
configure:11601: result: immediate
configure:12149: checking whether stripping libraries is possible
configure:12154: result: yes
configure:12189: checking if libtool supports shared libraries
configure:12191: result: yes
configure:12194: checking whether to build shared libraries
configure:12219: result: yes
configure:12222: checking whether to build static libraries
configure:12226: result: no
configure:9097: checking for g++
configure:9113: found /usr/bin/g++
configure:9124: result: g++
configure:9151: checking for C++ compiler version
configure:9160: g++ --version >&5
g++ (Ubuntu 9.4.0-1ubuntu1~20.04.1) 9.4.0
Copyright (C) 2019 Free Software Foundation, Inc.
This is free software; see the source for copying conditions.  There is NO
warranty; not even for MERCHANTABILITY or FITNESS FOR A PARTICULAR PURPOSE.

configure:9171: $? = 0
configure:9160: g++ -v >&5
Using built-in specs.
COLLECT_GCC=g++
COLLECT_LTO_WRAPPER=/usr/lib/gcc/x86_64-linux-gnu/9/lto-wrapper
OFFLOAD_TARGET_NAMES=nvptx-none:hsa
OFFLOAD_TARGET_DEFAULT=1
Target: x86_64-linux-gnu
Configured with: ../src/configure -v --with-pkgversion='Ubuntu 9.4.0-1ubuntu1~20.04.1' --with-bugurl=file:///usr/share/doc/gcc-9/README.Bugs --enable-languages=c,ada,c++,go,brig,d,fortran,objc,obj-c++,gm2 --prefix=/usr --with-gcc-major-version-only --program-suffix=-9 --program-prefix=x86_64-linux-gnu- --enable-shared --enable-linker-build-id --libexecdir=/usr/lib --without-included-gettext --enable-threads=posix --libdir=/usr/lib --enable-nls --enable-clocale=gnu --enable-libstdcxx-debug --enable-libstdcxx-time=yes --with-default-libstdcxx-abi=new --enable-gnu-unique-object --disable-vtable-verify --enable-plugin --enable-default-pie --with-system-zlib --with-target-system-zlib=auto --enable-objc-gc=auto --enable-multiarch --disable-werror --with-arch-32=i686 --with-abi=m64 --with-multilib-list=m32,m64,mx32 --enable-multilib --with-tune=generic --enable-offload-targets=nvptx-none=/build/gcc-9-Av3uEd/gcc-9-9.4.0/debian/tmp-nvptx/usr,hsa --without-cuda-driver --enable-checking=release --build=x86_64-linux-gnu --host=x86_64-linux-gnu --target=x86_64-linux-gnu
Thread model: posix
gcc version 9.4.0 (Ubuntu 9.4.0-1ubuntu1~20.04.1) 
configure:9171: $? = 0
configure:9160: g++ -V >&5
g++: error: unrecognized command line option '-V'
g++: fatal error: no input files
compilation terminated.
configure:9171: $? = 1
configure:9160: g++ -qversion >&5
g++: error: unrecognized command line option '-qversion'; did you mean '--version'?
g++: fatal error: no input files
compilation terminated.
configure:9171: $? = 1
configure:9175: checking whether we are using the GNU C++ compiler
configure:9194: g++ -c   conftest.cpp >&5
configure:9194: $? = 0
configure:9203: result: yes
configure:9212: checking whether g++ accepts -g
configure:9232: g++ -c -g  conftest.cpp >&5
configure:9232: $? = 0
configure:9273: result: yes
configure:9298: checking dependency style of g++
configure:9409: result: gcc3
configure:9443: checking how to run the C++ preprocessor
configure:9470: g++ -E  conftest.cpp
configure:9470: $? = 0
configure:9484: g++ -E  conftest.cpp
conftest.cpp:23:10: fatal error: ac_nonexistent.h: No such file or directory
   23 | #include <ac_nonexistent.h>
      |          ^~~~~~~~~~~~~~~~~~
compilation terminated.
configure:9484: $? = 1
configure: failed program was:
| /* confdefs.h */
| #define PACKAGE_NAME "rcssmonitor"
| #define PACKAGE_TARNAME "rcssmonitor"
| #define PACKAGE_VERSION "17.0.0"
| #define PACKAGE_STRING "rcssmonitor 17.0.0"
| #define PACKAGE_BUGREPORT "https://github.com/rcsoccersim/rcssmonitor"
| #define PACKAGE_URL ""
| #define PACKAGE "rcssmonitor"
| #define VERSION "17.0.0"
| #define STDC_HEADERS 1
| #define HAVE_SYS_TYPES_H 1
| #define HAVE_SYS_STAT_H 1
| #define HAVE_STDLIB_H 1
| #define HAVE_STRING_H 1
| #define HAVE_MEMORY_H 1
| #define HAVE_STRINGS_H 1
| #define HAVE_INTTYPES_H 1
| #define HAVE_STDINT_H 1
| #define HAVE_UNISTD_H 1
| #define HAVE_DLFCN_H 1
| #define LT_OBJDIR ".libs/"
| /* end confdefs.h.  */
| #include <ac_nonexistent.h>
configure:9509: result: g++ -E
configure:9529: g++ -E  conftest.cpp
configure:9529: $? = 0
configure:9543: g++ -E  conftest.cpp
conftest.cpp:23:10: fatal error: ac_nonexistent.h: No such file or directory
   23 | #include <ac_nonexistent.h>
      |          ^~~~~~~~~~~~~~~~~~
compilation terminated.
configure:9543: $? = 1
configure: failed program was:
| /* confdefs.h */
| #define PACKAGE_NAME "rcssmonitor"
| #define PACKAGE_TARNAME "rcssmonitor"
| #define PACKAGE_VERSION "17.0.0"
| #define PACKAGE_STRING "rcssmonitor 17.0.0"
| #define PACKAGE_BUGREPORT "https://github.com/rcsoccersim/rcssmonitor"
| #define PACKAGE_URL ""
| #define PACKAGE "rcssmonitor"
| #define VERSION "17.0.0"
| #define STDC_HEADERS 1
| #define HAVE_SYS_TYPES_H 1
| #define HAVE_SYS_STAT_H 1
| #define HAVE_STDLIB_H 1
| #define HAVE_STRING_H 1
| #define HAVE_MEMORY_H 1
| #define HAVE_STRINGS_H 1
| #define HAVE_INTTYPES_H 1
| #define HAVE_STDINT_H 1
| #define HAVE_UNISTD_H 1
| #define HAVE_DLFCN_H 1
| #define LT_OBJDIR ".libs/"
| /* end confdefs.h.  */
| #include <ac_nonexistent.h>
configure:9705: checking for ld used by g++
configure:9772: result: /usr/bin/ld -m elf_x86_64
configure:9779: checking if the linker (/usr/bin/ld -m elf_x86_64) is GNU ld
configure:9794: result: yes
configure:9849: checking whether the g++ linker (/usr/bin/ld -m elf_x86_64) supports shared libraries
configure:10922: result: yes
configure:10958: g++ -c -g -O2  conftest.cpp >&5
configure:10961: $? = 0
configure:11442: checking for g++ option to produce PIC
configure:11449: result: -fPIC -DPIC
configure:11457: checking if g++ PIC flag -fPIC -DPIC works
configure:11475: g++ -c -g -O2  -fPIC -DPIC -DPIC conftest.cpp >&5
configure:11479: $? = 0
configure:11492: result: yes
configure:11515: checking if g++ static flag -static works
configure:11543: result: yes
configure:11555: checking if g++ supports -c -o file.o
configure:11576: g++ -c -g -O2  -o out/conftest2.o conftest.cpp >&5
configure:11580: $? = 0
configure:11602: result: yes
configure:11607: checking if g++ supports -c -o file.o
configure:11654: result: yes
configure:11684: checking whether the g++ linker (/usr/bin/ld -m elf_x86_64) supports shared libraries
configure:11727: result: yes
configure:11868: checking dynamic linker characteristics
configure:12625: result: GNU/Linux ld.so
configure:12690: checking how to hardcode library paths into programs
configure:12715: result: immediate
configure:11640: checking for gcc
configure:11667: result: gcc
configure:11896: checking for C compiler version
configure:11905: gcc --version >&5
gcc (Ubuntu 9.4.0-1ubuntu1~20.04.1) 9.4.0
Copyright (C) 2019 Free Software Foundation, Inc.
This is free software; see the source for copying conditions.  There is NO
warranty; not even for MERCHANTABILITY or FITNESS FOR A PARTICULAR PURPOSE.

configure:11916: $? = 0
configure:11905: gcc -v >&5
Using built-in specs.
COLLECT_GCC=gcc
COLLECT_LTO_WRAPPER=/usr/lib/gcc/x86_64-linux-gnu/9/lto-wrapper
OFFLOAD_TARGET_NAMES=nvptx-none:hsa
OFFLOAD_TARGET_DEFAULT=1
Target: x86_64-linux-gnu
Configured with: ../src/configure -v --with-pkgversion='Ubuntu 9.4.0-1ubuntu1~20.04.1' --with-bugurl=file:///usr/share/doc/gcc-9/README.Bugs --enable-languages=c,ada,c++,go,brig,d,fortran,objc,obj-c++,gm2 --prefix=/usr --with-gcc-major-version-only --program-suffix=-9 --program-prefix=x86_64-linux-gnu- --enable-shared --enable-linker-build-id --libexecdir=/usr/lib --without-included-gettext --enable-threads=posix --libdir=/usr/lib --enable-nls --enable-clocale=gnu --enable-libstdcxx-debug --enable-libstdcxx-time=yes --with-default-libstdcxx-abi=new --enable-gnu-unique-object --disable-vtable-verify --enable-plugin --enable-default-pie --with-system-zlib --with-target-system-zlib=auto --enable-objc-gc=auto --enable-multiarch --disable-werror --with-arch-32=i686 --with-abi=m64 --with-multilib-list=m32,m64,mx32 --enable-multilib --with-tune=generic --enable-offload-targets=nvptx-none=/build/gcc-9-Av3uEd/gcc-9-9.4.0/debian/tmp-nvptx/usr,hsa --without-cuda-driver --enable-checking=release --build=x86_64-linux-gnu --host=x86_64-linux-gnu --target=x86_64-linux-gnu
Thread model: posix
gcc version 9.4.0 (Ubuntu 9.4.0-1ubuntu1~20.04.1) 
configure:11916: $? = 0
configure:11905: gcc -V >&5
gcc: error: unrecognized command line option '-V'
gcc: fatal error: no input files
compilation terminated.
configure:11916: $? = 1
configure:11905: gcc -qversion >&5
gcc: error: unrecognized command line option '-qversion'; did you mean '--version'?
gcc: fatal error: no input files
compilation terminated.
configure:11916: $? = 1
configure:11920: checking whether we are using the GNU C compiler
configure:11948: result: yes
configure:11957: checking whether gcc accepts -g
configure:12018: result: yes
configure:12035: checking for gcc option to accept ISO C89
configure:12111: result: none needed
configure:12136: checking whether gcc understands -c and -o together
configure:12173: result: yes
configure:12192: checking dependency style of gcc
configure:12303: result: gcc3
configure:12323: checking how to run the C preprocessor
configure:12393: result: gcc -E
configure:12413: gcc -E  conftest.c
configure:12413: $? = 0
configure:12427: gcc -E  conftest.c
conftest.c:23:10: fatal error: ac_nonexistent.h: No such file or directory
   23 | #include <ac_nonexistent.h>
      |          ^~~~~~~~~~~~~~~~~~
compilation terminated.
configure:12427: $? = 1
configure: failed program was:
| /* confdefs.h */
| #define PACKAGE_NAME "rcssmonitor"
| #define PACKAGE_TARNAME "rcssmonitor"
| #define PACKAGE_VERSION "17.0.0"
| #define PACKAGE_STRING "rcssmonitor 17.0.0"
| #define PACKAGE_BUGREPORT "https://github.com/rcsoccersim/rcssmonitor"
| #define PACKAGE_URL ""
| #define PACKAGE "rcssmonitor"
| #define VERSION "17.0.0"
| #define STDC_HEADERS 1
| #define HAVE_SYS_TYPES_H 1
| #define HAVE_SYS_STAT_H 1
| #define HAVE_STDLIB_H 1
| #define HAVE_STRING_H 1
| #define HAVE_MEMORY_H 1
| #define HAVE_STRINGS_H 1
| #define HAVE_INTTYPES_H 1
| #define HAVE_STDINT_H 1
| #define HAVE_UNISTD_H 1
| #define HAVE_DLFCN_H 1
| #define LT_OBJDIR ".libs/"
| /* end confdefs.h.  */
| #include <ac_nonexistent.h>
configure:12567: checking for C++ compiler version
configure:12576: g++ --version >&5
g++ (Ubuntu 9.4.0-1ubuntu1~20.04.1) 9.4.0
Copyright (C) 2019 Free Software Foundation, Inc.
This is free software; see the source for copying conditions.  There is NO
warranty; not even for MERCHANTABILITY or FITNESS FOR A PARTICULAR PURPOSE.

configure:12587: $? = 0
configure:12576: g++ -v >&5
Using built-in specs.
COLLECT_GCC=g++
COLLECT_LTO_WRAPPER=/usr/lib/gcc/x86_64-linux-gnu/9/lto-wrapper
OFFLOAD_TARGET_NAMES=nvptx-none:hsa
OFFLOAD_TARGET_DEFAULT=1
Target: x86_64-linux-gnu
Configured with: ../src/configure -v --with-pkgversion='Ubuntu 9.4.0-1ubuntu1~20.04.1' --with-bugurl=file:///usr/share/doc/gcc-9/README.Bugs --enable-languages=c,ada,c++,go,brig,d,fortran,objc,obj-c++,gm2 --prefix=/usr --with-gcc-major-version-only --program-suffix=-9 --program-prefix=x86_64-linux-gnu- --enable-shared --enable-linker-build-id --libexecdir=/usr/lib --without-included-gettext --enable-threads=posix --libdir=/usr/lib --enable-nls --enable-clocale=gnu --enable-libstdcxx-debug --enable-libstdcxx-time=yes --with-default-libstdcxx-abi=new --enable-gnu-unique-object --disable-vtable-verify --enable-plugin --enable-default-pie --with-system-zlib --with-target-system-zlib=auto --enable-objc-gc=auto --enable-multiarch --disable-werror --with-arch-32=i686 --with-abi=m64 --with-multilib-list=m32,m64,mx32 --enable-multilib --with-tune=generic --enable-offload-targets=nvptx-none=/build/gcc-9-Av3uEd/gcc-9-9.4.0/debian/tmp-nvptx/usr,hsa --without-cuda-driver --enable-checking=release --build=x86_64-linux-gnu --host=x86_64-linux-gnu --target=x86_64-linux-gnu
Thread model: posix
gcc version 9.4.0 (Ubuntu 9.4.0-1ubuntu1~20.04.1) 
configure:12587: $? = 0
configure:12576: g++ -V >&5
g++: error: unrecognized command line option '-V'
g++: fatal error: no input files
compilation terminated.
configure:12587: $? = 1
configure:12576: g++ -qversion >&5
g++: error: unrecognized command line option '-qversion'; did you mean '--version'?
g++: fatal error: no input files
compilation terminated.
configure:12587: $? = 1
configure:12591: checking whether we are using the GNU C++ compiler
configure:12619: result: yes
configure:12628: checking whether g++ accepts -g
configure:12689: result: yes
configure:12714: checking dependency style of g++
configure:12825: result: gcc3
configure:12845: checking for cos in -lm
configure:12870: gcc -o conftest -g -O2   conftest.c -lm   >&5
conftest.c:30:6: warning: conflicting types for built-in function 'cos'; expected 'double(double)' [-Wbuiltin-declaration-mismatch]
   30 | char cos ();
      |      ^~~
conftest.c:1:1: note: 'cos' is declared in header '<math.h>'
    1 | /* confdefs.h */
configure:12870: $? = 0
configure:12879: result: yes
configure:12891: checking if zlib is wanted
configure:12913: result: yes
configure:12943: checking for inflateEnd in -lz
configure:12968: gcc -o conftest -g -O2  -I/usr/include  -L/usr/lib conftest.c -lz  -lm  >&5
configure:12968: $? = 0
configure:12977: result: yes
configure:12985: checking zlib.h usability
configure:12985: gcc -c -g -O2  -I/usr/include conftest.c >&5
configure:12985: $? = 0
configure:12985: result: yes
configure:12985: checking zlib.h presence
configure:12985: gcc -E  -I/usr/include conftest.c
configure:12985: $? = 0
configure:12985: result: yes
configure:12985: checking for zlib.h
configure:12985: result: yes
configure:13029: checking arpa/inet.h usability
configure:13029: gcc -c -g -O2  -I/usr/include -I/usr/include conftest.c >&5
configure:13029: $? = 0
configure:13029: result: yes
configure:13029: checking arpa/inet.h presence
configure:13029: gcc -E  -I/usr/include -I/usr/include conftest.c
configure:13029: $? = 0
configure:13029: result: yes
configure:13029: checking for arpa/inet.h
configure:13029: result: yes
configure:13044: checking for stdbool.h that conforms to C99
configure:13111: gcc -c -g -O2  -I/usr/include -I/usr/include conftest.c >&5
configure:13111: $? = 0
configure:13118: result: yes
configure:13120: checking for _Bool
configure:13120: gcc -c -g -O2  -I/usr/include -I/usr/include conftest.c >&5
configure:13120: $? = 0
configure:13120: gcc -c -g -O2  -I/usr/include -I/usr/include conftest.c >&5
conftest.c: In function 'main':
conftest.c:61:20: error: expected expression before ')' token
   61 | if (sizeof ((_Bool)))
      |                    ^
configure:13120: $? = 1
configure: failed program was:
| /* confdefs.h */
| #define PACKAGE_NAME "rcssmonitor"
| #define PACKAGE_TARNAME "rcssmonitor"
| #define PACKAGE_VERSION "17.0.0"
| #define PACKAGE_STRING "rcssmonitor 17.0.0"
| #define PACKAGE_BUGREPORT "https://github.com/rcsoccersim/rcssmonitor"
| #define PACKAGE_URL ""
| #define PACKAGE "rcssmonitor"
| #define VERSION "17.0.0"
| #define STDC_HEADERS 1
| #define HAVE_SYS_TYPES_H 1
| #define HAVE_SYS_STAT_H 1
| #define HAVE_STDLIB_H 1
| #define HAVE_STRING_H 1
| #define HAVE_MEMORY_H 1
| #define HAVE_STRINGS_H 1
| #define HAVE_INTTYPES_H 1
| #define HAVE_STDINT_H 1
| #define HAVE_UNISTD_H 1
| #define HAVE_DLFCN_H 1
| #define LT_OBJDIR ".libs/"
| #define HAVE_LIBZ 1
| #define HAVE_ARPA_INET_H 1
| /* end confdefs.h.  */
| #include <stdio.h>
| #ifdef HAVE_SYS_TYPES_H
| # include <sys/types.h>
| #endif
| #ifdef HAVE_SYS_STAT_H
| # include <sys/stat.h>
| #endif
| #ifdef STDC_HEADERS
| # include <stdlib.h>
| # include <stddef.h>
| #else
| # ifdef HAVE_STDLIB_H
| #  include <stdlib.h>
| # endif
| #endif
| #ifdef HAVE_STRING_H
| # if !defined STDC_HEADERS && defined HAVE_MEMORY_H
| #  include <memory.h>
| # endif
| # include <string.h>
| #endif
| #ifdef HAVE_STRINGS_H
| # include <strings.h>
| #endif
| #ifdef HAVE_INTTYPES_H
| # include <inttypes.h>
| #endif
| #ifdef HAVE_STDINT_H
| # include <stdint.h>
| #endif
| #ifdef HAVE_UNISTD_H
| # include <unistd.h>
| #endif
| int
| main ()
| {
| if (sizeof ((_Bool)))
| 	    return 0;
|   ;
|   return 0;
| }
configure:13120: result: yes
configure:13137: checking for inline
configure:13153: gcc -c -g -O2  -I/usr/include -I/usr/include conftest.c >&5
configure:13153: $? = 0
configure:13161: result: inline
configure:13179: checking for an ANSI C-conforming const
configure:13245: gcc -c -g -O2  -I/usr/include -I/usr/include conftest.c >&5
configure:13245: $? = 0
configure:13252: result: yes
configure:13260: checking for int16_t
configure:13260: gcc -c -g -O2  -I/usr/include -I/usr/include conftest.c >&5
configure:13260: $? = 0
configure:13260: gcc -c -g -O2  -I/usr/include -I/usr/include conftest.c >&5
conftest.c: In function 'main':
conftest.c:64:12: error: size of array 'test_array' is negative
   64 | static int test_array [1 - 2 * !((int16_t) (((((int16_t) 1 << N) << N) - 1) * 2 + 1)
      |            ^~~~~~~~~~
configure:13260: $? = 1
configure: failed program was:
| /* confdefs.h */
| #define PACKAGE_NAME "rcssmonitor"
| #define PACKAGE_TARNAME "rcssmonitor"
| #define PACKAGE_VERSION "17.0.0"
| #define PACKAGE_STRING "rcssmonitor 17.0.0"
| #define PACKAGE_BUGREPORT "https://github.com/rcsoccersim/rcssmonitor"
| #define PACKAGE_URL ""
| #define PACKAGE "rcssmonitor"
| #define VERSION "17.0.0"
| #define STDC_HEADERS 1
| #define HAVE_SYS_TYPES_H 1
| #define HAVE_SYS_STAT_H 1
| #define HAVE_STDLIB_H 1
| #define HAVE_STRING_H 1
| #define HAVE_MEMORY_H 1
| #define HAVE_STRINGS_H 1
| #define HAVE_INTTYPES_H 1
| #define HAVE_STDINT_H 1
| #define HAVE_UNISTD_H 1
| #define HAVE_DLFCN_H 1
| #define LT_OBJDIR ".libs/"
| #define HAVE_LIBZ 1
| #define HAVE_ARPA_INET_H 1
| #define HAVE__BOOL 1
| #define HAVE_STDBOOL_H 1
| /* end confdefs.h.  */
| #include <stdio.h>
| #ifdef HAVE_SYS_TYPES_H
| # include <sys/types.h>
| #endif
| #ifdef HAVE_SYS_STAT_H
| # include <sys/stat.h>
| #endif
| #ifdef STDC_HEADERS
| # include <stdlib.h>
| # include <stddef.h>
| #else
| # ifdef HAVE_STDLIB_H
| #  include <stdlib.h>
| # endif
| #endif
| #ifdef HAVE_STRING_H
| # if !defined STDC_HEADERS && defined HAVE_MEMORY_H
| #  include <memory.h>
| # endif
| # include <string.h>
| #endif
| #ifdef HAVE_STRINGS_H
| # include <strings.h>
| #endif
| #ifdef HAVE_INTTYPES_H
| # include <inttypes.h>
| #endif
| #ifdef HAVE_STDINT_H
| # include <stdint.h>
| #endif
| #ifdef HAVE_UNISTD_H
| # include <unistd.h>
| #endif
| 	        enum { N = 16 / 2 - 1 };
| int
| main ()
| {
| static int test_array [1 - 2 * !((int16_t) (((((int16_t) 1 << N) << N) - 1) * 2 + 1)
| 		 < (int16_t) (((((int16_t) 1 << N) << N) - 1) * 2 + 2))];
| test_array [0] = 0;
| return test_array [0];
| 
|   ;
|   return 0;
| }
configure:13260: result: yes
configure:13271: checking for int32_t
configure:13271: gcc -c -g -O2  -I/usr/include -I/usr/include conftest.c >&5
configure:13271: $? = 0
configure:13271: gcc -c -g -O2  -I/usr/include -I/usr/include conftest.c >&5
conftest.c: In function 'main':
conftest.c:65:53: warning: integer overflow in expression of type 'int' results in '-2147483648' [-Woverflow]
   65 |    < (int32_t) (((((int32_t) 1 << N) << N) - 1) * 2 + 2))];
      |                                                     ^
conftest.c:64:12: error: storage size of 'test_array' isn't constant
   64 | static int test_array [1 - 2 * !((int32_t) (((((int32_t) 1 << N) << N) - 1) * 2 + 1)
      |            ^~~~~~~~~~
configure:13271: $? = 1
configure: failed program was:
| /* confdefs.h */
| #define PACKAGE_NAME "rcssmonitor"
| #define PACKAGE_TARNAME "rcssmonitor"
| #define PACKAGE_VERSION "17.0.0"
| #define PACKAGE_STRING "rcssmonitor 17.0.0"
| #define PACKAGE_BUGREPORT "https://github.com/rcsoccersim/rcssmonitor"
| #define PACKAGE_URL ""
| #define PACKAGE "rcssmonitor"
| #define VERSION "17.0.0"
| #define STDC_HEADERS 1
| #define HAVE_SYS_TYPES_H 1
| #define HAVE_SYS_STAT_H 1
| #define HAVE_STDLIB_H 1
| #define HAVE_STRING_H 1
| #define HAVE_MEMORY_H 1
| #define HAVE_STRINGS_H 1
| #define HAVE_INTTYPES_H 1
| #define HAVE_STDINT_H 1
| #define HAVE_UNISTD_H 1
| #define HAVE_DLFCN_H 1
| #define LT_OBJDIR ".libs/"
| #define HAVE_LIBZ 1
| #define HAVE_ARPA_INET_H 1
| #define HAVE__BOOL 1
| #define HAVE_STDBOOL_H 1
| /* end confdefs.h.  */
| #include <stdio.h>
| #ifdef HAVE_SYS_TYPES_H
| # include <sys/types.h>
| #endif
| #ifdef HAVE_SYS_STAT_H
| # include <sys/stat.h>
| #endif
| #ifdef STDC_HEADERS
| # include <stdlib.h>
| # include <stddef.h>
| #else
| # ifdef HAVE_STDLIB_H
| #  include <stdlib.h>
| # endif
| #endif
| #ifdef HAVE_STRING_H
| # if !defined STDC_HEADERS && defined HAVE_MEMORY_H
| #  include <memory.h>
| # endif
| # include <string.h>
| #endif
| #ifdef HAVE_STRINGS_H
| # include <strings.h>
| #endif
| #ifdef HAVE_INTTYPES_H
| # include <inttypes.h>
| #endif
| #ifdef HAVE_STDINT_H
| # include <stdint.h>
| #endif
| #ifdef HAVE_UNISTD_H
| # include <unistd.h>
| #endif
| 	        enum { N = 32 / 2 - 1 };
| int
| main ()
| {
| static int test_array [1 - 2 * !((int32_t) (((((int32_t) 1 << N) << N) - 1) * 2 + 1)
| 		 < (int32_t) (((((int32_t) 1 << N) << N) - 1) * 2 + 2))];
| test_array [0] = 0;
| return test_array [0];
| 
|   ;
|   return 0;
| }
configure:13271: result: yes
configure:13282: checking for size_t
configure:13282: gcc -c -g -O2  -I/usr/include -I/usr/include conftest.c >&5
configure:13282: $? = 0
configure:13282: gcc -c -g -O2  -I/usr/include -I/usr/include conftest.c >&5
conftest.c: In function 'main':
conftest.c:63:21: error: expected expression before ')' token
   63 | if (sizeof ((size_t)))
      |                     ^
configure:13282: $? = 1
configure: failed program was:
| /* confdefs.h */
| #define PACKAGE_NAME "rcssmonitor"
| #define PACKAGE_TARNAME "rcssmonitor"
| #define PACKAGE_VERSION "17.0.0"
| #define PACKAGE_STRING "rcssmonitor 17.0.0"
| #define PACKAGE_BUGREPORT "https://github.com/rcsoccersim/rcssmonitor"
| #define PACKAGE_URL ""
| #define PACKAGE "rcssmonitor"
| #define VERSION "17.0.0"
| #define STDC_HEADERS 1
| #define HAVE_SYS_TYPES_H 1
| #define HAVE_SYS_STAT_H 1
| #define HAVE_STDLIB_H 1
| #define HAVE_STRING_H 1
| #define HAVE_MEMORY_H 1
| #define HAVE_STRINGS_H 1
| #define HAVE_INTTYPES_H 1
| #define HAVE_STDINT_H 1
| #define HAVE_UNISTD_H 1
| #define HAVE_DLFCN_H 1
| #define LT_OBJDIR ".libs/"
| #define HAVE_LIBZ 1
| #define HAVE_ARPA_INET_H 1
| #define HAVE__BOOL 1
| #define HAVE_STDBOOL_H 1
| /* end confdefs.h.  */
| #include <stdio.h>
| #ifdef HAVE_SYS_TYPES_H
| # include <sys/types.h>
| #endif
| #ifdef HAVE_SYS_STAT_H
| # include <sys/stat.h>
| #endif
| #ifdef STDC_HEADERS
| # include <stdlib.h>
| # include <stddef.h>
| #else
| # ifdef HAVE_STDLIB_H
| #  include <stdlib.h>
| # endif
| #endif
| #ifdef HAVE_STRING_H
| # if !defined STDC_HEADERS && defined HAVE_MEMORY_H
| #  include <memory.h>
| # endif
| # include <string.h>
| #endif
| #ifdef HAVE_STRINGS_H
| # include <strings.h>
| #endif
| #ifdef HAVE_INTTYPES_H
| # include <inttypes.h>
| #endif
| #ifdef HAVE_STDINT_H
| # include <stdint.h>
| #endif
| #ifdef HAVE_UNISTD_H
| # include <unistd.h>
| #endif
| int
| main ()
| {
| if (sizeof ((size_t)))
| 	    return 0;
|   ;
|   return 0;
| }
configure:13282: result: yes
configure:13293: checking whether time.h and sys/time.h may both be included
configure:13313: gcc -c -g -O2  -I/usr/include -I/usr/include conftest.c >&5
configure:13313: $? = 0
configure:13320: result: yes
configure:13328: checking for uint16_t
configure:13328: gcc -c -g -O2  -I/usr/include -I/usr/include conftest.c >&5
configure:13328: $? = 0
configure:13328: result: yes
configure:13340: checking for uint32_t
configure:13340: gcc -c -g -O2  -I/usr/include -I/usr/include conftest.c >&5
configure:13340: $? = 0
configure:13340: result: yes
configure:13359: checking for error_at_line
configure:13375: gcc -o conftest -g -O2  -I/usr/include -I/usr/include  -L/usr/lib -L/usr/lib conftest.c -lz -lm  >&5
configure:13375: $? = 0
configure:13383: result: yes
configure:13397: checking for memset
configure:13397: gcc -o conftest -g -O2  -I/usr/include -I/usr/include  -L/usr/lib -L/usr/lib conftest.c -lz -lm  >&5
conftest.c:51:6: warning: conflicting types for built-in function 'memset'; expected 'void *(void *, int,  long unsigned int)' [-Wbuiltin-declaration-mismatch]
   51 | char memset ();
      |      ^~~~~~
conftest.c:39:1: note: 'memset' is declared in header '<string.h>'
   38 | # include <limits.h>
   39 | #else
configure:13397: $? = 0
configure:13397: result: yes
configure:13397: checking for rint
configure:13397: gcc -o conftest -g -O2  -I/usr/include -I/usr/include  -L/usr/lib -L/usr/lib conftest.c -lz -lm  >&5
conftest.c:52:6: warning: conflicting types for built-in function 'rint'; expected 'double(double)' [-Wbuiltin-declaration-mismatch]
   52 | char rint ();
      |      ^~~~
conftest.c:40:1: note: 'rint' is declared in header '<math.h>'
   39 | # include <limits.h>
   40 | #else
configure:13397: $? = 0
configure:13397: result: yes
configure:13397: checking for strtol
configure:13397: gcc -o conftest -g -O2  -I/usr/include -I/usr/include  -L/usr/lib -L/usr/lib conftest.c -lz -lm  >&5
configure:13397: $? = 0
configure:13397: result: yes
configure:13397: checking for pow
configure:13397: gcc -o conftest -g -O2  -I/usr/include -I/usr/include  -L/usr/lib -L/usr/lib conftest.c -lz -lm  >&5
conftest.c:54:6: warning: conflicting types for built-in function 'pow'; expected 'double(double,  double)' [-Wbuiltin-declaration-mismatch]
   54 | char pow ();
      |      ^~~
conftest.c:42:1: note: 'pow' is declared in header '<math.h>'
   41 | # include <limits.h>
   42 | #else
configure:13397: $? = 0
configure:13397: result: yes
configure:13397: checking for sqrt
configure:13397: gcc -o conftest -g -O2  -I/usr/include -I/usr/include  -L/usr/lib -L/usr/lib conftest.c -lz -lm  >&5
conftest.c:55:6: warning: conflicting types for built-in function 'sqrt'; expected 'double(double)' [-Wbuiltin-declaration-mismatch]
   55 | char sqrt ();
      |      ^~~~
conftest.c:43:1: note: 'sqrt' is declared in header '<math.h>'
   42 | # include <limits.h>
   43 | #else
configure:13397: $? = 0
configure:13397: result: yes
configure:13410: checking for X
configure:13518: gcc -E  -I/usr/include -I/usr/include conftest.c
configure:13518: $? = 0
configure:13549: gcc -o conftest -g -O2  -I/usr/include -I/usr/include  -L/usr/lib -L/usr/lib conftest.c -lX11 -lz -lm  >&5
configure:13549: $? = 0
configure:13599: result: libraries , headers 
configure:13698: gcc -o conftest -g -O2  -I/usr/include -I/usr/include  -L/usr/lib -L/usr/lib conftest.c -lz -lm   -lX11 >&5
configure:13698: $? = 0
configure:13796: checking for gethostbyname
configure:13796: gcc -o conftest -g -O2  -I/usr/include -I/usr/include  -L/usr/lib -L/usr/lib conftest.c -lz -lm  >&5
configure:13796: $? = 0
configure:13796: result: yes
configure:13893: checking for connect
configure:13893: gcc -o conftest -g -O2  -I/usr/include -I/usr/include  -L/usr/lib -L/usr/lib conftest.c -lz -lm  >&5
configure:13893: $? = 0
configure:13893: result: yes
configure:13942: checking for remove
configure:13942: gcc -o conftest -g -O2  -I/usr/include -I/usr/include  -L/usr/lib -L/usr/lib conftest.c -lz -lm  >&5
configure:13942: $? = 0
configure:13942: result: yes
configure:13991: checking for shmat
configure:13991: gcc -o conftest -g -O2  -I/usr/include -I/usr/include  -L/usr/lib -L/usr/lib conftest.c -lz -lm  >&5
configure:13991: $? = 0
configure:13991: result: yes
configure:14049: checking for IceConnectionNumber in -lICE
configure:14074: gcc -o conftest -g -O2  -I/usr/include -I/usr/include  -L/usr/lib -L/usr/lib conftest.c -lICE  -lz -lm  >&5
configure:14074: $? = 0
configure:14083: result: yes
configure:14098: checking for Qt
configure:14108: checking for qmake
configure:14124: found /usr/bin/qmake
configure:14135: result: qmake
configure:14220: result: yes:
    QT_CXXFLAGS=-pipe -O2 -Wall -W -D_REENTRANT -fPIC -DQT_NO_DEBUG -DQT_OPENGL_LIB -DQT_PRINTSUPPORT_LIB -DQT_WIDGETS_LIB -DQT_GUI_LIB -DQT_CONCURRENT_LIB -DQT_DBUS_LIB -DQT_NETWORK_LIB -DQT_SQL_LIB -DQT_TESTLIB_LIB -DQT_XML_LIB -DQT_CORE_LIB -DQT_TESTCASE_BUILDDIR="/tmp/tmp.nhS3tPkyrO" -I. -isystem /usr/include/x86_64-linux-gnu/qt5 -isystem /usr/include/x86_64-linux-gnu/qt5/QtOpenGL -isystem /usr/include/x86_64-linux-gnu/qt5/QtPrintSupport -isystem /usr/include/x86_64-linux-gnu/qt5/QtWidgets -isystem /usr/include/x86_64-linux-gnu/qt5/QtGui -isystem /usr/include/x86_64-linux-gnu/qt5/QtConcurrent -isystem /usr/include/x86_64-linux-gnu/qt5/QtDBus -isystem /usr/include/x86_64-linux-gnu/qt5/QtNetwork -isystem /usr/include/x86_64-linux-gnu/qt5/QtSql -isystem /usr/include/x86_64-linux-gnu/qt5/QtTest -isystem /usr/include/x86_64-linux-gnu/qt5/QtXml -isystem /usr/include/x86_64-linux-gnu/qt5/QtCore -I. -I/usr/lib/x86_64-linux-gnu/qt5/mkspecs/linux-g++ 
    QT_DIR=/usr/lib/x86_64-linux-gnu
    QT_LIBS=/usr/lib/x86_64-linux-gnu/libQt5OpenGL.so /usr/lib/x86_64-linux-gnu/libQt5PrintSupport.so /usr/lib/x86_64-linux-gnu/libQt5Widgets.so /usr/lib/x86_64-linux-gnu/libQt5Gui.so /usr/lib/x86_64-linux-gnu/libQt5Concurrent.so /usr/lib/x86_64-linux-gnu/libQt5DBus.so /usr/lib/x86_64-linux-gnu/libQt5Network.so /usr/lib/x86_64-linux-gnu/libQt5Sql.so /usr/lib/x86_64-linux-gnu/libQt5Test.so /usr/lib/x86_64-linux-gnu/libQt5Xml.so /usr/lib/x86_64-linux-gnu/libQt5Core.so /usr/lib/x86_64-linux-gnu/libGL.so -lpthread  
    QT_UIC=/usr/bin/uic
    QT_MOC=/usr/bin/moc
    QT_RCC=/usr/bin/rcc
    QT_LRELEASE=/usr/bin/lrelease
    QT_LUPDATE=/usr/bin/lupdate
configure:14255: checking correct functioning of Qt installation
configure:14289: /usr/bin/moc ax_qt_test.h -o moc_ax_qt_test.c >/dev/null 2>/dev/null
configure:14292: $? = 0
configure:14300: g++ -pipe -O2 -Wall -W -D_REENTRANT -fPIC -DQT_NO_DEBUG -DQT_OPENGL_LIB -DQT_PRINTSUPPORT_LIB -DQT_WIDGETS_LIB -DQT_GUI_LIB -DQT_CONCURRENT_LIB -DQT_DBUS_LIB -DQT_NETWORK_LIB -DQT_SQL_LIB -DQT_TESTLIB_LIB -DQT_XML_LIB -DQT_CORE_LIB -DQT_TESTCASE_BUILDDIR=/tmp/tmp.nhS3tPkyrO -I. -isystem /usr/include/x86_64-linux-gnu/qt5 -isystem /usr/include/x86_64-linux-gnu/qt5/QtOpenGL -isystem /usr/include/x86_64-linux-gnu/qt5/QtPrintSupport -isystem /usr/include/x86_64-linux-gnu/qt5/QtWidgets -isystem /usr/include/x86_64-linux-gnu/qt5/QtGui -isystem /usr/include/x86_64-linux-gnu/qt5/QtConcurrent -isystem /usr/include/x86_64-linux-gnu/qt5/QtDBus -isystem /usr/include/x86_64-linux-gnu/qt5/QtNetwork -isystem /usr/include/x86_64-linux-gnu/qt5/QtSql -isystem /usr/include/x86_64-linux-gnu/qt5/QtTest -isystem /usr/include/x86_64-linux-gnu/qt5/QtXml -isystem /usr/include/x86_64-linux-gnu/qt5/QtCore -I. -I/usr/lib/x86_64-linux-gnu/qt5/mkspecs/linux-g++  -c -g -O2 -o moc_ax_qt_test.o moc_ax_qt_test.c >/dev/null 2>/dev/null
configure:14303: $? = 0
configure:14311: g++ -pipe -O2 -Wall -W -D_REENTRANT -fPIC -DQT_NO_DEBUG -DQT_OPENGL_LIB -DQT_PRINTSUPPORT_LIB -DQT_WIDGETS_LIB -DQT_GUI_LIB -DQT_CONCURRENT_LIB -DQT_DBUS_LIB -DQT_NETWORK_LIB -DQT_SQL_LIB -DQT_TESTLIB_LIB -DQT_XML_LIB -DQT_CORE_LIB -DQT_TESTCASE_BUILDDIR=/tmp/tmp.nhS3tPkyrO -I. -isystem /usr/include/x86_64-linux-gnu/qt5 -isystem /usr/include/x86_64-linux-gnu/qt5/QtOpenGL -isystem /usr/include/x86_64-linux-gnu/qt5/QtPrintSupport -isystem /usr/include/x86_64-linux-gnu/qt5/QtWidgets -isystem /usr/include/x86_64-linux-gnu/qt5/QtGui -isystem /usr/include/x86_64-linux-gnu/qt5/QtConcurrent -isystem /usr/include/x86_64-linux-gnu/qt5/QtDBus -isystem /usr/include/x86_64-linux-gnu/qt5/QtNetwork -isystem /usr/include/x86_64-linux-gnu/qt5/QtSql -isystem /usr/include/x86_64-linux-gnu/qt5/QtTest -isystem /usr/include/x86_64-linux-gnu/qt5/QtXml -isystem /usr/include/x86_64-linux-gnu/qt5/QtCore -I. -I/usr/lib/x86_64-linux-gnu/qt5/mkspecs/linux-g++  -c -g -O2 -o ax_qt_main.o ax_qt_main.c >/dev/null 2>/dev/null
configure:14314: $? = 0
configure:14322: g++ -o ax_qt_main ax_qt_main.o moc_ax_qt_test.o /usr/lib/x86_64-linux-gnu/libQt5OpenGL.so /usr/lib/x86_64-linux-gnu/libQt5PrintSupport.so /usr/lib/x86_64-linux-gnu/libQt5Widgets.so /usr/lib/x86_64-linux-gnu/libQt5Gui.so /usr/lib/x86_64-linux-gnu/libQt5Concurrent.so /usr/lib/x86_64-linux-gnu/libQt5DBus.so /usr/lib/x86_64-linux-gnu/libQt5Network.so /usr/lib/x86_64-linux-gnu/libQt5Sql.so /usr/lib/x86_64-linux-gnu/libQt5Test.so /usr/lib/x86_64-linux-gnu/libQt5Xml.so /usr/lib/x86_64-linux-gnu/libQt5Core.so /usr/lib/x86_64-linux-gnu/libGL.so -lpthread   -lz -lm  >/dev/null 2>/dev/null
configure:14325: $? = 0
configure:14337: result: success
configure:14346: checking whether g++ supports C++14 features with -std=c++14
configure:14764: g++ -std=c++14 -c -g -O2  -I/usr/include -I/usr/include conftest.cpp >&5
configure:14764: $? = 0
configure:14773: result: yes
configure:14926: checking that generated files are newer than configure
configure:14932: result: done
configure:14967: creating ./config.status

## ---------------------- ##
## Running config.status. ##
## ---------------------- ##

This file was extended by rcssmonitor config.status 17.0.0, which was
generated by GNU Autoconf 2.69.  Invocation command line was

  CONFIG_FILES    = 
  CONFIG_HEADERS  = 
  CONFIG_LINKS    = 
  CONFIG_COMMANDS = 
  $ ./config.status 

on samara-Aspire-A514-54G

config.status:1182: creating Makefile
config.status:1182: creating rcss/Makefile
config.status:1182: creating rcss/rcg/Makefile
config.status:1182: creating src/Makefile
config.status:1182: creating config.h
config.status:1363: config.h is unchanged
config.status:1411: executing depfiles commands
config.status:1411: executing libtool commands

## ---------------- ##
## Cache variables. ##
## ---------------- ##

ac_cv_build=x86_64-pc-linux-gnu
ac_cv_c_compiler_gnu=yes
ac_cv_c_const=yes
ac_cv_c_inline=inline
ac_cv_c_int16_t=yes
ac_cv_c_int32_t=yes
ac_cv_c_uint16_t=yes
ac_cv_c_uint32_t=yes
ac_cv_cxx_compiler_gnu=yes
ac_cv_env_CCC_set=
ac_cv_env_CCC_value=
ac_cv_env_CC_set=
ac_cv_env_CC_value=
ac_cv_env_CFLAGS_set=
ac_cv_env_CFLAGS_value=
ac_cv_env_CPPFLAGS_set=
ac_cv_env_CPPFLAGS_value=
ac_cv_env_CPP_set=
ac_cv_env_CPP_value=
ac_cv_env_CXXCPP_set=
ac_cv_env_CXXCPP_value=
ac_cv_env_CXXFLAGS_set=
ac_cv_env_CXXFLAGS_value=
ac_cv_env_CXX_set=
ac_cv_env_CXX_value=
ac_cv_env_LDFLAGS_set=
ac_cv_env_LDFLAGS_value=
ac_cv_env_LIBS_set=
ac_cv_env_LIBS_value=
ac_cv_env_LT_SYS_LIBRARY_PATH_set=
ac_cv_env_LT_SYS_LIBRARY_PATH_value=
ac_cv_env_XMKMF_set=
ac_cv_env_XMKMF_value=
ac_cv_env_build_alias_set=
ac_cv_env_build_alias_value=
ac_cv_env_host_alias_set=
ac_cv_env_host_alias_value=
ac_cv_env_target_alias_set=
ac_cv_env_target_alias_value=
ac_cv_func_connect=yes
ac_cv_func_gethostbyname=yes
ac_cv_func_memset=yes
ac_cv_func_pow=yes
ac_cv_func_remove=yes
ac_cv_func_rint=yes
ac_cv_func_shmat=yes
ac_cv_func_sqrt=yes
ac_cv_func_strtol=yes
ac_cv_have_x='have_x=yes	ac_x_includes='\'''\''	ac_x_libraries='\'''\'''
ac_cv_header_arpa_inet_h=yes
ac_cv_header_dlfcn_h=yes
ac_cv_header_inttypes_h=yes
ac_cv_header_memory_h=yes
ac_cv_header_stdbool_h=yes
ac_cv_header_stdc=yes
ac_cv_header_stdint_h=yes
ac_cv_header_stdlib_h=yes
ac_cv_header_string_h=yes
ac_cv_header_strings_h=yes
ac_cv_header_sys_stat_h=yes
ac_cv_header_sys_types_h=yes
ac_cv_header_time=yes
ac_cv_header_unistd_h=yes
ac_cv_header_zlib_h=yes
ac_cv_host=x86_64-pc-linux-gnu
ac_cv_lib_ICE_IceConnectionNumber=yes
ac_cv_lib_error_at_line=yes
ac_cv_lib_m_cos=yes
ac_cv_lib_z_inflateEnd=yes
ac_cv_objext=o
ac_cv_path_EGREP='/usr/bin/grep -E'
ac_cv_path_FGREP='/usr/bin/grep -F'
ac_cv_path_GREP=/usr/bin/grep
ac_cv_path_SED=/usr/bin/sed
ac_cv_path_install='/usr/bin/install -c'
ac_cv_path_lt_DD=/usr/bin/dd
ac_cv_path_mkdir=/usr/bin/mkdir
ac_cv_prog_AWK=mawk
ac_cv_prog_CPP='gcc -E'
ac_cv_prog_CXXCPP='g++ -E'
ac_cv_prog_ac_ct_AR=ar
ac_cv_prog_ac_ct_CC=gcc
ac_cv_prog_ac_ct_CXX=g++
ac_cv_prog_ac_ct_MANIFEST_TOOL=mt
ac_cv_prog_ac_ct_OBJDUMP=objdump
ac_cv_prog_ac_ct_RANLIB=ranlib
ac_cv_prog_ac_ct_STRIP=strip
ac_cv_prog_am_have_qt_qmexe=qmake
ac_cv_prog_cc_c89=
ac_cv_prog_cc_g=yes
ac_cv_prog_cxx_g=yes
ac_cv_prog_make_make_set=yes
ac_cv_type__Bool=yes
ac_cv_type_size_t=yes
am_cv_CC_dependencies_compiler_type=gcc3
am_cv_CXX_dependencies_compiler_type=gcc3
am_cv_make_support_nested_variables=yes
am_cv_prog_cc_c_o=yes
ax_cv_cxx_compile_cxx14__std_cpp14=yes
ax_cv_qt_test_result=success
lt_cv_ar_at_file=@
lt_cv_archive_cmds_need_lc=no
lt_cv_deplibs_check_method=pass_all
lt_cv_file_magic_cmd='$MAGIC_CMD'
lt_cv_file_magic_test_file=
lt_cv_ld_reload_flag=-r
lt_cv_nm_interface='BSD nm'
lt_cv_objdir=.libs
lt_cv_path_LD=/usr/bin/ld
lt_cv_path_LDCXX='/usr/bin/ld -m elf_x86_64'
lt_cv_path_NM='/usr/bin/nm -B'
lt_cv_path_mainfest_tool=no
lt_cv_prog_compiler_c_o=yes
lt_cv_prog_compiler_c_o_CXX=yes
lt_cv_prog_compiler_pic='-fPIC -DPIC'
lt_cv_prog_compiler_pic_CXX='-fPIC -DPIC'
lt_cv_prog_compiler_pic_works=yes
lt_cv_prog_compiler_pic_works_CXX=yes
lt_cv_prog_compiler_rtti_exceptions=no
lt_cv_prog_compiler_static_works=yes
lt_cv_prog_compiler_static_works_CXX=yes
lt_cv_prog_gnu_ld=yes
lt_cv_prog_gnu_ldcxx=yes
lt_cv_sharedlib_from_linklib_cmd='printf %s\n'
lt_cv_shlibpath_overrides_runpath=yes
lt_cv_sys_global_symbol_pipe='sed -n -e '\''s/^.*[	 ]\([ABCDGIRSTW][ABCDGIRSTW]*\)[	 ][	 ]*\([_A-Za-z][_A-Za-z0-9]*\)$/\1 \2 \2/p'\'' | sed '\''/ __gnu_lto/d'\'''
lt_cv_sys_global_symbol_to_c_name_address='sed -n -e '\''s/^: \(.*\) .*$/  {"\1", (void *) 0},/p'\'' -e '\''s/^[ABCDGIRSTW][ABCDGIRSTW]* .* \(.*\)$/  {"\1", (void *) \&\1},/p'\'''
lt_cv_sys_global_symbol_to_c_name_address_lib_prefix='sed -n -e '\''s/^: \(.*\) .*$/  {"\1", (void *) 0},/p'\'' -e '\''s/^[ABCDGIRSTW][ABCDGIRSTW]* .* \(lib.*\)$/  {"\1", (void *) \&\1},/p'\'' -e '\''s/^[ABCDGIRSTW][ABCDGIRSTW]* .* \(.*\)$/  {"lib\1", (void *) \&\1},/p'\'''
lt_cv_sys_global_symbol_to_cdecl='sed -n -e '\''s/^T .* \(.*\)$/extern int \1();/p'\'' -e '\''s/^[ABCDGIRSTW][ABCDGIRSTW]* .* \(.*\)$/extern char \1;/p'\'''
lt_cv_sys_global_symbol_to_import=
lt_cv_sys_max_cmd_len=1572864
lt_cv_to_host_file_cmd=func_convert_file_noop
lt_cv_to_tool_file_cmd=func_convert_file_noop
lt_cv_truncate_bin='/usr/bin/dd bs=4096 count=1'
zlib_cv_libz=yes
zlib_cv_zlib_h=yes

## ----------------- ##
## Output variables. ##
## ----------------- ##

ACLOCAL='${SHELL} /home/samara/Downloads/rcssmonitor-17.0.0/missing aclocal-1.15'
AMDEPBACKSLASH='\'
AMDEP_FALSE='#'
AMDEP_TRUE=''
AMTAR='$${TAR-tar}'
AM_BACKSLASH='\'
AM_DEFAULT_V='$(AM_DEFAULT_VERBOSITY)'
AM_DEFAULT_VERBOSITY='1'
AM_V='$(V)'
AR='ar'
AUTOCONF='${SHELL} /home/samara/Downloads/rcssmonitor-17.0.0/missing autoconf'
AUTOHEADER='${SHELL} /home/samara/Downloads/rcssmonitor-17.0.0/missing autoheader'
AUTOMAKE='${SHELL} /home/samara/Downloads/rcssmonitor-17.0.0/missing automake-1.15'
AWK='mawk'
CC='gcc'
CCDEPMODE='depmode=gcc3'
CFLAGS='-g -O2'
CPP='gcc -E'
CPPFLAGS=' -I/usr/include -I/usr/include'
CXX='g++ -std=c++14'
CXXCPP='g++ -E -std=c++14'
CXXDEPMODE='depmode=gcc3'
CXXFLAGS='-g -O2'
CYGPATH_W='echo'
DEFS='-DHAVE_CONFIG_H'
DEPDIR='.deps'
DLLTOOL='false'
DSYMUTIL=''
DUMPBIN=''
ECHO_C=''
ECHO_N='-n'
ECHO_T=''
EGREP='/usr/bin/grep -E'
EXEEXT=''
FGREP='/usr/bin/grep -F'
GREP='/usr/bin/grep'
HAVE_CXX14='1'
INSTALL_DATA='${INSTALL} -m 644'
INSTALL_PROGRAM='${INSTALL}'
INSTALL_SCRIPT='${INSTALL}'
INSTALL_STRIP_PROGRAM='$(install_sh) -c -s'
LD='/usr/bin/ld -m elf_x86_64'
LDFLAGS=' -L/usr/lib -L/usr/lib'
LIBOBJS=''
LIBS='-lz -lm '
LIBTOOL='$(SHELL) $(top_builddir)/libtool'
LIBTOOL_DEPS='./ltmain.sh'
LIPO=''
LN_S='ln -s'
LTLIBOBJS=''
LT_SYS_LIBRARY_PATH=''
MAKEINFO='${SHELL} /home/samara/Downloads/rcssmonitor-17.0.0/missing makeinfo'
MANIFEST_TOOL=':'
MKDIR_P='/usr/bin/mkdir -p'
NM='/usr/bin/nm -B'
NMEDIT=''
OBJDUMP='objdump'
OBJEXT='o'
OTOOL64=''
OTOOL=''
PACKAGE='rcssmonitor'
PACKAGE_BUGREPORT='https://github.com/rcsoccersim/rcssmonitor'
PACKAGE_NAME='rcssmonitor'
PACKAGE_STRING='rcssmonitor 17.0.0'
PACKAGE_TARNAME='rcssmonitor'
PACKAGE_URL=''
PACKAGE_VERSION='17.0.0'
PATH_SEPARATOR=':'
QT_CXXFLAGS='-pipe -O2 -Wall -W -D_REENTRANT -fPIC -DQT_NO_DEBUG -DQT_OPENGL_LIB -DQT_PRINTSUPPORT_LIB -DQT_WIDGETS_LIB -DQT_GUI_LIB -DQT_CONCURRENT_LIB -DQT_DBUS_LIB -DQT_NETWORK_LIB -DQT_SQL_LIB -DQT_TESTLIB_LIB -DQT_XML_LIB -DQT_CORE_LIB -DQT_TESTCASE_BUILDDIR="/tmp/tmp.nhS3tPkyrO" -I. -isystem /usr/include/x86_64-linux-gnu/qt5 -isystem /usr/include/x86_64-linux-gnu/qt5/QtOpenGL -isystem /usr/include/x86_64-linux-gnu/qt5/QtPrintSupport -isystem /usr/include/x86_64-linux-gnu/qt5/QtWidgets -isystem /usr/include/x86_64-linux-gnu/qt5/QtGui -isystem /usr/include/x86_64-linux-gnu/qt5/QtConcurrent -isystem /usr/include/x86_64-linux-gnu/qt5/QtDBus -isystem /usr/include/x86_64-linux-gnu/qt5/QtNetwork -isystem /usr/include/x86_64-linux-gnu/qt5/QtSql -isystem /usr/include/x86_64-linux-gnu/qt5/QtTest -isystem /usr/include/x86_64-linux-gnu/qt5/QtXml -isystem /usr/include/x86_64-linux-gnu/qt5/QtCore -I. -I/usr/lib/x86_64-linux-gnu/qt5/mkspecs/linux-g++ '
QT_DIR='/usr/lib/x86_64-linux-gnu'
QT_LIBS='/usr/lib/x86_64-linux-gnu/libQt5OpenGL.so /usr/lib/x86_64-linux-gnu/libQt5PrintSupport.so /usr/lib/x86_64-linux-gnu/libQt5Widgets.so /usr/lib/x86_64-linux-gnu/libQt5Gui.so /usr/lib/x86_64-linux-gnu/libQt5Concurrent.so /usr/lib/x86_64-linux-gnu/libQt5DBus.so /usr/lib/x86_64-linux-gnu/libQt5Network.so /usr/lib/x86_64-linux-gnu/libQt5Sql.so /usr/lib/x86_64-linux-gnu/libQt5Test.so /usr/lib/x86_64-linux-gnu/libQt5Xml.so /usr/lib/x86_64-linux-gnu/libQt5Core.so /usr/lib/x86_64-linux-gnu/libGL.so -lpthread  '
QT_LRELEASE='/usr/bin/lrelease'
QT_LUPDATE='/usr/bin/lupdate'
QT_MOC='/usr/bin/moc'
QT_RCC='/usr/bin/rcc'
QT_UIC='/usr/bin/uic'
RANLIB='ranlib'
SED='/usr/bin/sed'
SET_MAKE=''
SHELL='/bin/bash'
STRIP='strip'
VERSION='17.0.0'
XMKMF=''
X_CFLAGS=''
X_EXTRA_LIBS=''
X_LIBS=''
X_PRE_LIBS=' -lSM -lICE'
ac_ct_AR='ar'
ac_ct_CC='gcc'
ac_ct_CXX='g++'
ac_ct_DUMPBIN=''
am__EXEEXT_FALSE=''
am__EXEEXT_TRUE='#'
am__fastdepCC_FALSE='#'
am__fastdepCC_TRUE=''
am__fastdepCXX_FALSE='#'
am__fastdepCXX_TRUE=''
am__include='include'
am__isrc=''
am__leading_dot='.'
am__nodep='_no'
am__quote=''
am__tar='$${TAR-tar} chof - "$$tardir"'
am__untar='$${TAR-tar} xf -'
am_have_qt_qmexe='qmake'
bindir='${exec_prefix}/bin'
build='x86_64-pc-linux-gnu'
build_alias=''
build_cpu='x86_64'
build_os='linux-gnu'
build_vendor='pc'
datadir='${datarootdir}'
datarootdir='${prefix}/share'
docdir='${datarootdir}/doc/${PACKAGE_TARNAME}'
dvidir='${docdir}'
exec_prefix='${prefix}'
host='x86_64-pc-linux-gnu'
host_alias=''
host_cpu='x86_64'
host_os='linux-gnu'
host_vendor='pc'
htmldir='${docdir}'
includedir='${prefix}/include'
infodir='${datarootdir}/info'
install_sh='${SHELL} /home/samara/Downloads/rcssmonitor-17.0.0/install-sh'
libdir='${exec_prefix}/lib'
libexecdir='${exec_prefix}/libexec'
localedir='${datarootdir}/locale'
localstatedir='${prefix}/var'
mandir='${datarootdir}/man'
mkdir_p='$(MKDIR_P)'
oldincludedir='/usr/include'
pdfdir='${docdir}'
prefix='/usr/local'
program_transform_name='s,x,x,'
psdir='${docdir}'
runstatedir='${localstatedir}/run'
sbindir='${exec_prefix}/sbin'
sharedstatedir='${prefix}/com'
sysconfdir='${prefix}/etc'
target_alias=''

## ----------- ##
## confdefs.h. ##
## ----------- ##

/* confdefs.h */
#define PACKAGE_NAME "rcssmonitor"
#define PACKAGE_TARNAME "rcssmonitor"
#define PACKAGE_VERSION "17.0.0"
#define PACKAGE_STRING "rcssmonitor 17.0.0"
#define PACKAGE_BUGREPORT "https://github.com/rcsoccersim/rcssmonitor"
#define PACKAGE_URL ""
#define PACKAGE "rcssmonitor"
#define VERSION "17.0.0"
#define STDC_HEADERS 1
#define HAVE_SYS_TYPES_H 1
#define HAVE_SYS_STAT_H 1
#define HAVE_STDLIB_H 1
#define HAVE_STRING_H 1
#define HAVE_MEMORY_H 1
#define HAVE_STRINGS_H 1
#define HAVE_INTTYPES_H 1
#define HAVE_STDINT_H 1
#define HAVE_UNISTD_H 1
#define HAVE_DLFCN_H 1
#define LT_OBJDIR ".libs/"
#define HAVE_LIBZ 1
#define HAVE_ARPA_INET_H 1
#define HAVE__BOOL 1
#define HAVE_STDBOOL_H 1
#define TIME_WITH_SYS_TIME 1
#define HAVE_MEMSET 1
#define HAVE_RINT 1
#define HAVE_STRTOL 1
#define HAVE_POW 1
#define HAVE_SQRT 1
#define HAVE_CXX14 1

configure: exit 0
